<?xml version="1.0" encoding="UTF-8"?>
<robot rpa="false" generated="20200301 15:54:18.799" generator="Robot 3.1.2 (Python 2.7.16 on darwin)">
<suite source="/Users/macbookpro/Desktop/robot-framework/Jenkins/test.robot" id="s1" name="Test">
<kw type="setup" name="Test Open Browser">
<kw name="Open Browser" library="SeleniumLibrary">
<doc>Opens a new browser instance to the optional ``url``.</doc>
<arguments>
<arg>${url}</arg>
<arg>${Browser}</arg>
</arguments>
<msg timestamp="20200301 15:54:19.080" level="INFO">Opening browser 'Chrome' to base url 'http://www.practiceselenium.com/practice-form.html'.</msg>
<status status="PASS" endtime="20200301 15:54:25.574" starttime="20200301 15:54:19.080"></status>
</kw>
<kw name="Maximize Browser Window" library="SeleniumLibrary">
<doc>Maximizes current browser window.</doc>
<kw name="Capture Page Screenshot" library="SeleniumLibrary">
<doc>Takes a screenshot of the current page and embeds it into a log file.</doc>
<msg timestamp="20200301 15:54:25.583" level="FAIL">NoSuchWindowException: Message: no such window: target window already closed
from unknown error: web view not found
  (Session info: chrome=80.0.3987.122)
</msg>
<status status="FAIL" endtime="20200301 15:54:25.584" starttime="20200301 15:54:25.576"></status>
</kw>
<msg timestamp="20200301 15:54:25.585" level="WARN">Keyword 'Capture Page Screenshot' could not be run on failure: NoSuchWindowException: Message: no such window: target window already closed
from unknown error: web view not found
  (Session info: chrome=80.0.3987.122)
</msg>
<msg timestamp="20200301 15:54:25.588" level="FAIL">NoSuchWindowException: Message: no such window: target window already closed
from unknown error: web view not found
  (Session info: chrome=80.0.3987.122)
</msg>
<status status="FAIL" endtime="20200301 15:54:25.588" starttime="20200301 15:54:25.574"></status>
</kw>
<status status="FAIL" endtime="20200301 15:54:25.589" starttime="20200301 15:54:19.079"></status>
</kw>
<test id="s1-t1" name="TC1:Run Test Open Browser">
<status status="FAIL" endtime="20200301 15:54:25.592" critical="yes" starttime="20200301 15:54:25.589">Parent suite setup failed:
NoSuchWindowException: Message: no such window: target window already closed
from unknown error: web view not found
  (Session info: chrome=80.0.3987.122)
</status>
</test>
<kw type="teardown" name="Close Browser" library="SeleniumLibrary">
<doc>Closes the current browser.</doc>
<status status="PASS" endtime="20200301 15:54:25.708" starttime="20200301 15:54:25.595"></status>
</kw>
<status status="FAIL" endtime="20200301 15:54:25.708" starttime="20200301 15:54:18.801">Suite setup failed:
NoSuchWindowException: Message: no such window: target window already closed
from unknown error: web view not found
  (Session info: chrome=80.0.3987.122)
</status>
</suite>
<statistics>
<total>
<stat fail="1" pass="0">Critical Tests</stat>
<stat fail="1" pass="0">All Tests</stat>
</total>
<tag>
</tag>
<suite>
<stat fail="1" id="s1" name="Test" pass="0">Test</stat>
</suite>
</statistics>
<errors>
<msg timestamp="20200301 15:54:25.585" level="WARN">Keyword 'Capture Page Screenshot' could not be run on failure: NoSuchWindowException: Message: no such window: target window already closed
from unknown error: web view not found
  (Session info: chrome=80.0.3987.122)
</msg>
</errors>
</robot>
